<?xml version="1.0" encoding="UTF-8"?>
<!-- Generated by org.testng.reporters.JUnitReportReporter -->
<testsuite skipped="0" hostname="DESKTOP-BP7NV3R" name="PracticeTest.testCase1Test" tests="1" failures="0" timestamp="2021-12-30T15:43:14 IST" time="0.015" errors="0">
  <testcase name="tc1" time="0.015" classname="PracticeTest.testCase1Test"/>
  <system-out/>
</testsuite> <!-- PracticeTest.testCase1Test -->
