<?xml version="1.0" encoding="UTF-8"?>
<!-- Generated by org.testng.reporters.JUnitReportReporter -->
<testsuite hostname="DESKTOP-BP7NV3R" failures="0" tests="1" name="PracticeTest.testScriptTest" time="0.010" errors="0" timestamp="2022-01-01T15:02:07 IST" skipped="0">
  <testcase classname="PracticeTest.testScriptTest" name="printLn" time="0.010"/>
  <system-out/>
</testsuite> <!-- PracticeTest.testScriptTest -->
