<?xml version="1.0" encoding="UTF-8"?>
<!-- Generated by org.testng.reporters.JUnitReportReporter -->
<testsuite skipped="0" hostname="DESKTOP-BP7NV3R" name="PracticeTest.tc2Test" tests="1" failures="0" timestamp="2021-12-30T23:49:29 IST" time="0.002" errors="0">
  <testcase name="regrassion" time="0.002" classname="PracticeTest.tc2Test"/>
  <system-out/>
</testsuite> <!-- PracticeTest.tc2Test -->
