<?xml version="1.0" encoding="UTF-8"?>
<!-- Generated by org.testng.reporters.JUnitReportReporter -->
<testsuite skipped="0" hostname="DESKTOP-BP7NV3R" name="PracticeTest.tc1" tests="1" failures="0" timestamp="2021-12-30T23:49:29 IST" time="0.020" errors="0">
  <testcase name="regrassion" time="0.020" classname="PracticeTest.tc1"/>
  <system-out/>
</testsuite> <!-- PracticeTest.tc1 -->
